[    0.000000] Initializing cgroup subsys cpuset
[    0.000000] Initializing cgroup subsys cpu
[    0.000000] Initializing cgroup subsys cpuacct
[    0.000000] Linux version 4.4.0-101-generic (buildd@lcy01-amd64-006) (gcc version 5.4.0 20160609 (Ubuntu 5.4.0-6ubuntu1~16.04.5) ) #124-Ubuntu SMP Fri Nov 10 18:29:59 UTC 2017 (Ubuntu 4.4.0-101.124-generic 4.4.95)
[    0.000000] Command line: BOOT_IMAGE=/boot/vmlinuz-4.4.0-101-generic root=UUID=ada4dcd2-3877-4526-85bf-7d4a18ed8033 ro console=tty1 console=ttyS0
[    0.000000] KERNEL supported cpus:
[    0.000000]   Intel GenuineIntel
[    0.000000]   AMD AuthenticAMD
[    0.000000]   Centaur CentaurHauls
[    0.000000] ------------[ cut here ]------------
[    0.000000] WARNING: CPU: 0 PID: 0 at /build/linux-FmWmUC/linux-4.4.0/arch/x86/kernel/fpu/xstate.c:517 fpu__init_system_xstate+0x38b/0x75a()
[    0.000000] XSAVE consistency problem, dumping leaves
[    0.000000] Modules linked in:
[    0.000000] CPU: 0 PID: 0 Comm: swapper Not tainted 4.4.0-101-generic #124-Ubuntu
[    0.000000]  0000000000000086 0ddc182a1ee366a8 ffffffff81e03d80 ffffffff813fb4d3
[    0.000000]  ffffffff81e03dc8 ffffffff81caa910 ffffffff81e03db8 ffffffff810812e2
[    0.000000]  ffffffff81e03e48 ffffffff81e03e4c 0000000000000008 0000000000000100
[    0.000000] Call Trace:
[    0.000000]  [<ffffffff813fb4d3>] dump_stack+0x63/0x90
[    0.000000]  [<ffffffff810812e2>] warn_slowpath_common+0x82/0xc0
[    0.000000]  [<ffffffff8108137c>] warn_slowpath_fmt+0x5c/0x80
[    0.000000]  [<ffffffff8107cff0>] ? xfeature_size+0x59/0x77
[    0.000000]  [<ffffffff81f6e20b>] fpu__init_system_xstate+0x38b/0x75a
[    0.000000]  [<ffffffff81f5e120>] ? early_idt_handler_array+0x120/0x120
[    0.000000]  [<ffffffff81f6db76>] fpu__init_system+0x10d/0x245
[    0.000000]  [<ffffffff81f6ec7f>] early_cpu_init+0x139/0x13e
[    0.000000]  [<ffffffff81f6ec7f>] ? early_cpu_init+0x139/0x13e
[    0.000000]  [<ffffffff81f6a181>] setup_arch+0xb4/0xcf6
[    0.000000]  [<ffffffff81f5e120>] ? early_idt_handler_array+0x120/0x120
[    0.000000]  [<ffffffff81f5ec74>] start_kernel+0xe4/0x4a2
[    0.000000]  [<ffffffff81f5e120>] ? early_idt_handler_array+0x120/0x120
[    0.000000]  [<ffffffff81f5e339>] x86_64_start_reservations+0x2a/0x2c
[    0.000000]  [<ffffffff81f5e485>] x86_64_start_kernel+0x14a/0x16d
[    0.000000] ---[ end trace 4d5ff9f2f68c4233 ]---
[    0.000000] CPUID[0d, 00]: eax=00000007 ebx=00000440 ecx=00000440 edx=00000000
[    0.000000] CPUID[0d, 01]: eax=00000000 ebx=000003c0 ecx=00000000 edx=00000000
[    0.000000] CPUID[0d, 02]: eax=00000100 ebx=00000240 ecx=00000000 edx=00000000
[    0.000000] CPUID[0d, 03]: eax=00000000 ebx=00000000 ecx=00000000 edx=00000000
[    0.000000] CPUID[0d, 04]: eax=00000000 ebx=00000000 ecx=00000000 edx=00000000
[    0.000000] CPUID[0d, 05]: eax=00000000 ebx=00000000 ecx=00000000 edx=00000000
[    0.000000] CPUID[0d, 06]: eax=00000000 ebx=00000000 ecx=00000000 edx=00000000
[    0.000000] CPUID[0d, 07]: eax=00000000 ebx=00000000 ecx=00000000 edx=00000000
[    0.000000] CPUID[0d, 08]: eax=00000000 ebx=00000000 ecx=00000000 edx=00000000
[    0.000000] CPUID[0d, 09]: eax=00000000 ebx=00000000 ecx=00000000 edx=00000000
[    0.000000] CPUID[0d, 0a]: eax=00000000 ebx=00000000 ecx=00000000 edx=00000000
[    0.000000] CPUID[0d, 0b]: eax=00000000 ebx=00000000 ecx=00000000 edx=00000000
[    0.000000] CPUID[0d, 0c]: eax=00000000 ebx=00000000 ecx=00000000 edx=00000000
[    0.000000] CPUID[0d, 0d]: eax=00000000 ebx=00000000 ecx=00000000 edx=00000000
[    0.000000] CPUID[0d, 0e]: eax=00000000 ebx=00000000 ecx=00000000 edx=00000000
[    0.000000] CPUID[0d, 0f]: eax=00000000 ebx=00000000 ecx=00000000 edx=00000000
[    0.000000] CPUID[0d, 10]: eax=00000000 ebx=00000000 ecx=00000000 edx=00000000
[    0.000000] CPUID[0d, 11]: eax=00000000 ebx=00000000 ecx=00000000 edx=00000000
[    0.000000] x86/fpu: xstate_offset[2]:  576, xstate_sizes[2]:  256
[    0.000000] x86/fpu: Supporting XSAVE feature 0x01: 'x87 floating point registers'
[    0.000000] x86/fpu: Supporting XSAVE feature 0x02: 'SSE registers'
[    0.000000] x86/fpu: Supporting XSAVE feature 0x04: 'AVX registers'
[    0.000000] x86/fpu: Enabled xstate features 0x7, context size is 1088 bytes, using 'standard' format.
[    0.000000] x86/fpu: Using 'lazy' FPU context switches.
[    0.000000] e820: BIOS-provided physical RAM map:
[    0.000000] BIOS-e820: [mem 0x0000000000000000-0x000000000009fbff] usable
[    0.000000] BIOS-e820: [mem 0x000000000009fc00-0x000000000009ffff] reserved
[    0.000000] BIOS-e820: [mem 0x00000000000f0000-0x00000000000fffff] reserved
[    0.000000] BIOS-e820: [mem 0x0000000000100000-0x000000003ffeffff] usable
[    0.000000] BIOS-e820: [mem 0x000000003fff0000-0x000000003fffffff] ACPI data
[    0.000000] BIOS-e820: [mem 0x00000000fec00000-0x00000000fec00fff] reserved
[    0.000000] BIOS-e820: [mem 0x00000000fee00000-0x00000000fee00fff] reserved
[    0.000000] BIOS-e820: [mem 0x00000000fffc0000-0x00000000ffffffff] reserved
[    0.000000] NX (Execute Disable) protection: active
[    0.000000] SMBIOS 2.5 present.
[    0.000000] Hypervisor detected: KVM
[    0.000000] e820: last_pfn = 0x3fff0 max_arch_pfn = 0x400000000
[    0.000000] MTRR: Disabled
[    0.000000] x86/PAT: MTRRs disabled, skipping PAT initialization too.
[    0.000000] CPU MTRRs all blank - virtualized system.
[    0.000000] x86/PAT: Configuration [0-7]: WB  WT  UC- UC  WB  WT  UC- UC  
[    0.000000] found SMP MP-table at [mem 0x0009fff0-0x0009ffff] mapped at [ffff88000009fff0]
[    0.000000] Scanning 1 areas for low memory corruption
[    0.000000] RAMDISK: [mem 0x36232000-0x37110fff]
[    0.000000] ACPI: Early table checksum verification disabled
[    0.000000] ACPI: RSDP 0x00000000000E0000 000024 (v02 VBOX  )
[    0.000000] ACPI: XSDT 0x000000003FFF0030 00003C (v01 VBOX   VBOXXSDT 00000001 ASL  00000061)
[    0.000000] ACPI: FACP 0x000000003FFF00F0 0000F4 (v04 VBOX   VBOXFACP 00000001 ASL  00000061)
[    0.000000] ACPI: DSDT 0x000000003FFF0470 0021FF (v02 VBOX   VBOXBIOS 00000002 INTL 20100528)
[    0.000000] ACPI: FACS 0x000000003FFF0200 000040
[    0.000000] ACPI: FACS 0x000000003FFF0200 000040
[    0.000000] ACPI: APIC 0x000000003FFF0240 00005C (v02 VBOX   VBOXAPIC 00000001 ASL  00000061)
[    0.000000] ACPI: SSDT 0x000000003FFF02A0 0001CC (v01 VBOX   VBOXCPUT 00000002 INTL 20100528)
[    0.000000] No NUMA configuration found
[    0.000000] Faking a node at [mem 0x0000000000000000-0x000000003ffeffff]
[    0.000000] NODE_DATA(0) allocated [mem 0x3ffeb000-0x3ffeffff]
[    0.000000] kvm-clock: Using msrs 4b564d01 and 4b564d00
[    0.000000] kvm-clock: cpu 0, msr 0:3ffe3001, primary cpu clock
[    0.000000] kvm-clock: using sched offset of 3580325130 cycles
[    0.000000] clocksource: kvm-clock: mask: 0xffffffffffffffff max_cycles: 0x1cd42e4dffb, max_idle_ns: 881590591483 ns
[    0.000000] Zone ranges:
[    0.000000]   DMA      [mem 0x0000000000001000-0x0000000000ffffff]
[    0.000000]   DMA32    [mem 0x0000000001000000-0x000000003ffeffff]
[    0.000000]   Normal   empty
[    0.000000]   Device   empty
[    0.000000] Movable zone start for each node
[    0.000000] Early memory node ranges
[    0.000000]   node   0: [mem 0x0000000000001000-0x000000000009efff]
[    0.000000]   node   0: [mem 0x0000000000100000-0x000000003ffeffff]
[    0.000000] Initmem setup node 0 [mem 0x0000000000001000-0x000000003ffeffff]
[    0.000000] ACPI: PM-Timer IO Port: 0x4008
[    0.000000] IOAPIC[0]: apic_id 2, version 32, address 0xfec00000, GSI 0-23
[    0.000000] ACPI: INT_SRC_OVR (bus 0 bus_irq 0 global_irq 2 dfl dfl)
[    0.000000] ACPI: INT_SRC_OVR (bus 0 bus_irq 9 global_irq 9 high level)
[    0.000000] Using ACPI (MADT) for SMP configuration information
[    0.000000] smpboot: Allowing 2 CPUs, 0 hotplug CPUs
[    0.000000] PM: Registered nosave memory: [mem 0x00000000-0x00000fff]
[    0.000000] PM: Registered nosave memory: [mem 0x0009f000-0x0009ffff]
[    0.000000] PM: Registered nosave memory: [mem 0x000a0000-0x000effff]
[    0.000000] PM: Registered nosave memory: [mem 0x000f0000-0x000fffff]
[    0.000000] e820: [mem 0x40000000-0xfebfffff] available for PCI devices
[    0.000000] Booting paravirtualized kernel on KVM
[    0.000000] clocksource: refined-jiffies: mask: 0xffffffff max_cycles: 0xffffffff, max_idle_ns: 7645519600211568 ns
[    0.000000] setup_percpu: NR_CPUS:512 nr_cpumask_bits:512 nr_cpu_ids:2 nr_node_ids:1
[    0.000000] PERCPU: Embedded 34 pages/cpu @ffff88003fc00000 s98328 r8192 d32744 u1048576
[    0.000000] PV qspinlock hash table entries: 256 (order: 0, 4096 bytes)
[    0.000000] Built 1 zonelists in Node order, mobility grouping on.  Total pages: 257913
[    0.000000] Policy zone: DMA32
[    0.000000] Kernel command line: BOOT_IMAGE=/boot/vmlinuz-4.4.0-101-generic root=UUID=ada4dcd2-3877-4526-85bf-7d4a18ed8033 ro console=tty1 console=ttyS0
[    0.000000] PID hash table entries: 4096 (order: 3, 32768 bytes)
[    0.000000] Memory: 997336K/1048120K available (8484K kernel code, 1294K rwdata, 3988K rodata, 1492K init, 1316K bss, 50784K reserved, 0K cma-reserved)
[    0.000000] SLUB: HWalign=64, Order=0-3, MinObjects=0, CPUs=2, Nodes=1
[    0.000000] Hierarchical RCU implementation.
[    0.000000] 	Build-time adjustment of leaf fanout to 64.
[    0.000000] 	RCU restricting CPUs from NR_CPUS=512 to nr_cpu_ids=2.
[    0.000000] RCU: Adjusting geometry for rcu_fanout_leaf=64, nr_cpu_ids=2
[    0.000000] NR_IRQS:33024 nr_irqs:440 16
[    0.000000] Console: colour VGA+ 80x25
[    0.000000] console [tty1] enabled
[    0.000000] console [ttyS0] enabled
[    0.000000] tsc: Detected 2712.002 MHz processor
[    4.233970] Calibrating delay loop (skipped) preset value.. 5424.00 BogoMIPS (lpj=10848008)
[    4.235416] pid_max: default: 32768 minimum: 301
[    4.236172] ACPI: Core revision 20150930
[    4.237743] ACPI: 2 ACPI AML tables successfully acquired and loaded
[    4.238874] Security Framework initialized
[    4.239603] Yama: becoming mindful.
[    4.240249] AppArmor: AppArmor initialized
[    4.241011] Dentry cache hash table entries: 131072 (order: 8, 1048576 bytes)
[    4.242262] Inode-cache hash table entries: 65536 (order: 7, 524288 bytes)
[    4.246309] Mount-cache hash table entries: 2048 (order: 2, 16384 bytes)
[    4.248685] Mountpoint-cache hash table entries: 2048 (order: 2, 16384 bytes)
[    4.249917] Initializing cgroup subsys io
[    4.250609] Initializing cgroup subsys memory
[    4.310862] Initializing cgroup subsys devices
[    4.392281] Initializing cgroup subsys freezer
[    4.462191] Initializing cgroup subsys net_cls
[    4.534607] Initializing cgroup subsys perf_event
[    4.610169] Initializing cgroup subsys net_prio
[    4.670036] Initializing cgroup subsys hugetlb
[    4.737739] Initializing cgroup subsys pids
[    4.806482] CPU: Physical Processor ID: 0
[    4.870193] CPU: Processor Core ID: 0
[    4.900531] mce: CPU supports 0 MCE banks
[    4.907847] Last level iTLB entries: 4KB 64, 2MB 8, 4MB 8
[    4.908880] Last level dTLB entries: 4KB 64, 2MB 0, 4MB 0, 1GB 4
[    4.911928] Freeing SMP alternatives memory: 32K
[    4.923052] ftrace: allocating 32156 entries in 126 pages
[    5.058535] smpboot: APIC(0) Converting physical 0 to logical package 0
[    5.168607] smpboot: Max logical packages: 1
[    5.230619] x2apic enabled
[    5.274663] Switched APIC routing to physical x2apic.
[    5.331501] ..TIMER: vector=0x30 apic1=0 pin1=2 apic2=-1 pin2=-1
[    5.522410] smpboot: CPU0: Intel(R) Core(TM) i5-7200U CPU @ 2.50GHz (family: 0x6, model: 0x8e, stepping: 0x9)
[    5.698353] Performance Events: unsupported p6 CPU model 142 no PMU driver, software events only.
[    5.834033] KVM setup paravirtual spinlock
[    5.881606] x86: Booting SMP configuration:
[    5.950636] .... node  #0, CPUs:      #1
[    5.958949] kvm-clock: cpu 1, msr 0:3ffe3041, secondary cpu clock
[    5.970792] mce: CPU supports 0 MCE banks
[    5.973461] x86: Booted up 1 node, 2 CPUs
[    5.975878] smpboot: Total of 2 processors activated (10848.00 BogoMIPS)
[    5.977479] devtmpfs: initialized
[    6.023862] evm: security.selinux
[    6.055615] evm: security.SMACK64
[    6.093005] evm: security.SMACK64EXEC
[    6.124341] evm: security.SMACK64TRANSMUTE
[    6.125128] evm: security.SMACK64MMAP
[    6.125774] evm: security.ima
[    6.126366] evm: security.capability
[    6.127182] clocksource: jiffies: mask: 0xffffffff max_cycles: 0xffffffff, max_idle_ns: 7645041785100000 ns
[    6.128706] futex hash table entries: 512 (order: 3, 32768 bytes)
[    6.129766] pinctrl core: initialized pinctrl subsystem
[    6.130773] RTC time:  0:19:08, date: 11/22/17
[    6.134643] NET: Registered protocol family 16
[    6.150863] cpuidle: using governor ladder
[    6.167142] cpuidle: using governor menu
[    6.215578] PCCT header not found.
[    6.249884] ACPI: bus type PCI registered
[    6.301960] acpiphp: ACPI Hot Plug PCI Controller Driver version: 0.5
[    6.387485] PCI: Using configuration type 1 for base access
[    6.473181] ACPI: Added _OSI(Module Device)
[    6.527725] ACPI: Added _OSI(Processor Device)
[    6.577957] ACPI: Added _OSI(3.0 _SCP Extensions)
[    6.642464] ACPI: Added _OSI(Processor Aggregator Device)
[    6.702039] ACPI: Executed 1 blocks of module-level executable AML code
[    6.792516] ACPI: Interpreter enabled
[    6.841723] ACPI: (supports S0 S5)
[    6.889769] ACPI: Using IOAPIC for interrupt routing
[    6.951788] PCI: Using host bridge windows from ACPI; if necessary, use "pci=nocrs" and report a bug
[    7.012749] ACPI: PCI Root Bridge [PCI0] (domain 0000 [bus 00-ff])
[    7.090036] acpi PNP0A03:00: _OSC: OS supports [ASPM ClockPM Segments MSI]
[    7.159823] acpi PNP0A03:00: _OSC: not requesting OS control; OS requires [ExtendedConfig ASPM ClockPM MSI]
[    7.264153] acpi PNP0A03:00: fail to add MMCONFIG information, can't access extended PCI configuration space under this bridge.
[    7.380170] PCI host bridge to bus 0000:00
[    7.432548] pci_bus 0000:00: root bus resource [io  0x0000-0x0cf7 window]
[    7.514997] pci_bus 0000:00: root bus resource [io  0x0d00-0xffff window]
[    7.596421] pci_bus 0000:00: root bus resource [mem 0x000a0000-0x000bffff window]
[    7.689232] pci_bus 0000:00: root bus resource [mem 0x40000000-0xffdfffff window]
[    7.776204] pci_bus 0000:00: root bus resource [bus 00-ff]
[    7.833469] pci 0000:00:01.1: legacy IDE quirk: reg 0x10: [io  0x01f0-0x01f7]
[    7.880039] pci 0000:00:01.1: legacy IDE quirk: reg 0x14: [io  0x03f6]
[    7.968416] pci 0000:00:01.1: legacy IDE quirk: reg 0x18: [io  0x0170-0x0177]
[    8.051761] pci 0000:00:01.1: legacy IDE quirk: reg 0x1c: [io  0x0376]
[    8.098093] pci 0000:00:07.0: quirk: [io  0x4000-0x403f] claimed by PIIX4 ACPI
[    8.174649] pci 0000:00:07.0: quirk: [io  0x4100-0x410f] claimed by PIIX4 SMB
[    8.269568] ACPI: PCI Interrupt Link [LNKA] (IRQs 5 9 10 *11)
[    8.331046] ACPI: PCI Interrupt Link [LNKB] (IRQs 5 9 10 *11)
[    8.394251] ACPI: PCI Interrupt Link [LNKC] (IRQs 5 9 *10 11)
[    8.463859] ACPI: PCI Interrupt Link [LNKD] (IRQs 5 *9 10 11)
[    8.538496] ACPI: Enabled 2 GPEs in block 00 to 07
[    8.586929] vgaarb: setting as boot device: PCI:0000:00:02.0
[    8.656213] vgaarb: device added: PCI:0000:00:02.0,decodes=io+mem,owns=io+mem,locks=none
[    8.772282] vgaarb: loaded
[    8.805268] vgaarb: bridge control possible 0000:00:02.0
[    8.862537] SCSI subsystem initialized
[    8.902690] ACPI: bus type USB registered
[    8.958540] usbcore: registered new interface driver usbfs
[    9.033084] usbcore: registered new interface driver hub
[    9.089023] usbcore: registered new device driver usb
[    9.127913] PCI: Using ACPI for IRQ routing
[    9.170203] NetLabel: Initializing
[    9.213571] NetLabel:  domain hash size = 128
[    9.268611] NetLabel:  protocols = UNLABELED CIPSOv4
[    9.330423] NetLabel:  unlabeled traffic allowed by default
[    9.399273] amd_nb: Cannot enumerate AMD northbridges
[    9.463131] clocksource: Switched to clocksource kvm-clock
[    9.546338] AppArmor: AppArmor Filesystem Enabled
[    9.648422] pnp: PnP ACPI init
[    9.722568] pnp: PnP ACPI: found 3 devices
[    9.838745] clocksource: acpi_pm: mask: 0xffffff max_cycles: 0xffffff, max_idle_ns: 2085701024 ns
[    9.880129] NET: Registered protocol family 2
[    9.980193] TCP established hash table entries: 8192 (order: 4, 65536 bytes)
[   10.119492] TCP bind hash table entries: 8192 (order: 5, 131072 bytes)
[   10.227420] TCP: Hash tables configured (established 8192 bind 8192)
[   10.281272] UDP hash table entries: 512 (order: 2, 16384 bytes)
[   10.420057] UDP-Lite hash table entries: 512 (order: 2, 16384 bytes)
[   10.591497] NET: Registered protocol family 1
[   10.690494] pci 0000:00:00.0: Limiting direct PCI/PCI transfers
[   10.831000] pci 0000:00:01.0: Activating ISA DMA hang workarounds
[   10.992016] Unpacking initramfs...
[   11.288077] Freeing initrd memory: 15228K
[   11.343222] platform rtc_cmos: registered platform RTC device (no PNP device found)
[   11.503344] Scanning for low memory corruption every 60 seconds
[   11.597676] audit: initializing netlink subsys (disabled)
[   11.658159] audit: type=2000 audit(1511309950.631:1): initialized
[   11.745745] Initialise system trusted keyring
[   11.773263] HugeTLB registered 2 MB page size, pre-allocated 0 pages
[   11.796226] zbud: loaded
[   11.819088] VFS: Disk quotas dquot_6.6.0
[   11.885572] VFS: Dquot-cache hash table entries: 512 (order 0, 4096 bytes)
[   12.050648] squashfs: version 4.0 (2009/01/31) Phillip Lougher
[   12.172468] fuse init (API version 7.23)
[   12.230059] Key type big_key registered
[   12.272344] Allocating IMA MOK and blacklist keyrings.
[   12.274324] Key type asymmetric registered
[   12.280452] Asymmetric key parser 'x509' registered
[   12.290135] Block layer SCSI generic (bsg) driver version 0.4 loaded (major 249)
[   12.295209] io scheduler noop registered
[   12.297231] io scheduler deadline registered (default)
[   12.309913] io scheduler cfq registered
[   12.312573] pci_hotplug: PCI Hot Plug PCI Core version: 0.5
[   12.316306] pciehp: PCI Express Hot Plug Controller Driver version: 0.4
[   12.318109] ACPI: AC Adapter [AC] (on-line)
[   12.328471] input: Power Button as /devices/LNXSYSTM:00/LNXPWRBN:00/input/input0
[   12.332869] ACPI: Power Button [PWRF]
[   12.336648] input: Sleep Button as /devices/LNXSYSTM:00/LNXSLPBN:00/input/input1
[   12.348132] tsc: Refined TSC clocksource calibration: 2712.892 MHz
[   12.350591] clocksource: tsc: mask: 0xffffffffffffffff max_cycles: 0x271ad0e5e73, max_idle_ns: 440795209341 ns
[   12.355768] ACPI: Sleep Button [SLPF]
[   12.372706] GHES: HEST is not enabled!
[   12.373367] ACPI: Battery Slot [BAT0] (battery present)
[   12.506942] Serial: 8250/16550 driver, 32 ports, IRQ sharing enabled
[   12.575942] 00:02: ttyS0 at I/O 0x3f8 (irq = 4, base_baud = 115200) is a 16550A
[   12.735648] Linux agpgart interface v0.103
[   12.805632] loop: module loaded
[   12.851866] scsi host0: ata_piix
[   12.879118] scsi host1: ata_piix
[   12.939529] ata1: PATA max UDMA/33 cmd 0x1f0 ctl 0x3f6 bmdma 0xd000 irq 14
[   13.011227] ata2: PATA max UDMA/33 cmd 0x170 ctl 0x376 bmdma 0xd008 irq 15
[   13.072103] libphy: Fixed MDIO Bus: probed
[   13.087594] tun: Universal TUN/TAP device driver, 1.6
[   13.166214] tun: (C) 1999-2004 Max Krasnyansky <maxk@qualcomm.com>
[   13.276220] PPP generic driver version 2.4.2
[   13.343833] ehci_hcd: USB 2.0 'Enhanced' Host Controller (EHCI) Driver
[   13.369902] ehci-pci: EHCI PCI platform driver
[   13.376962] ehci-platform: EHCI generic platform driver
[   13.388477] ohci_hcd: USB 1.1 'Open' Host Controller (OHCI) Driver
[   13.391572] ohci-pci: OHCI PCI platform driver
[   13.392466] ohci-platform: OHCI generic platform driver
[   13.398343] uhci_hcd: USB Universal Host Controller Interface driver
[   13.413723] i8042: PNP: PS/2 Controller [PNP0303:PS2K,PNP0f03:PS2M] at 0x60,0x64 irq 1,12
[   13.503673] serio: i8042 KBD port at 0x60,0x64 irq 1
[   13.592093] serio: i8042 AUX port at 0x60,0x64 irq 12
[   13.668952] mousedev: PS/2 mouse device common for all mice
[   13.670331] input: AT Translated Set 2 keyboard as /devices/platform/i8042/serio0/input/input2
[   13.676398] rtc_cmos rtc_cmos: rtc core: registered rtc_cmos as rtc0
[   13.699577] rtc_cmos rtc_cmos: alarms up to one day, 114 bytes nvram
[   13.704812] i2c /dev entries driver
[   13.705511] device-mapper: uevent: version 1.0.3
[   13.706383] device-mapper: ioctl: 4.34.0-ioctl (2015-10-28) initialised: dm-devel@redhat.com
[   13.707775] ledtrig-cpu: registered to indicate activity on CPUs
[   13.709242] NET: Registered protocol family 10
[   13.710202] NET: Registered protocol family 17
[   13.749119] Key type dns_resolver registered
[   13.775820] microcode: CPU0 sig=0x806e9, pf=0x8, revision=0x0
[   13.778127] microcode: CPU1 sig=0x806e9, pf=0x8, revision=0x0
[   13.779236] microcode: Microcode Update Driver: v2.01 <tigran@aivazian.fsnet.co.uk>, Peter Oruba
[   13.785180] registered taskstats version 1
[   13.865075] Loading compiled-in X.509 certificates
[   13.976379] Loaded X.509 cert 'Build time autogenerated kernel key: f91c6829a34a801956ec6287af569c0a1f1f8d39'
[   14.081746] zswap: loaded using pool lzo/zbud
[   14.166399] Key type trusted registered
[   14.212800] Key type encrypted registered
[   14.245644] AppArmor: AppArmor sha1 policy hashing enabled
[   14.315437] ima: No TPM chip found, activating TPM-bypass!
[   14.370310] evm: HMAC attrs: 0x1
[   14.407882]   Magic number: 9:950:304
[   14.426723] tty tty33: hash matches
[   14.427825] rtc_cmos rtc_cmos: setting system clock to 2017-11-22 00:19:17 UTC (1511309957)
[   14.636761] BIOS EDD facility v0.16 2004-Jun-25, 0 devices found
[   14.730772] EDD information not available.
[   14.807199] Freeing unused kernel memory: 1492K
[   14.897427] Write protecting the kernel read-only data: 14336k
[   14.945961] Freeing unused kernel memory: 1744K
[   15.024145] Freeing unused kernel memory: 108K
Loading, please [   15.103988] random: systemd-udevd: uninitialized urandom read (16 bytes read, 5 bits of entropy available)
wait...
startin[   15.104509] random: udevadm: uninitialized urandom read (16 bytes read, 5 bits of entropy available)
g version 229
[   15.104522] random: udevadm: uninitialized urandom read (16 bytes read, 5 bits of entropy available)
[   15.110311] random: udevadm: uninitialized urandom read (16 bytes read, 5 bits of entropy available)
[   15.110340] random: udevadm: uninitialized urandom read (16 bytes read, 5 bits of entropy available)
[   15.110432] random: udevadm: uninitialized urandom read (16 bytes read, 5 bits of entropy available)
[   15.110464] random: udevadm: uninitialized urandom read (16 bytes read, 5 bits of entropy available)
[   15.110497] random: udevadm: uninitialized urandom read (16 bytes read, 5 bits of entropy available)
[   15.110528] random: udevadm: uninitialized urandom read (16 bytes read, 5 bits of entropy available)
[   15.110558] random: udevadm: uninitialized urandom read (16 bytes read, 5 bits of entropy available)
[   15.655994] Fusion MPT base driver 3.04.20
[   15.656009] e1000: Intel(R) PRO/1000 Network Driver - version 7.3.21-k8-NAPI
[   15.656010] e1000: Copyright (c) 1999-2006 Intel Corporation.
[   15.672645] Copyright (c) 1999-2008 LSI Corporation
[   15.702037] AVX version of gcm_enc/dec engaged.
[   15.703060] AES CTR mode by8 optimization enabled
[   15.705972] Fusion MPT SPI Host driver 3.04.20
[   15.902437] input: ImExPS/2 Generic Explorer Mouse as /devices/platform/i8042/serio1/input/input4
[   16.060267] e1000 0000:00:03.0 eth0: (PCI:33MHz:32-bit) 02:eb:a5:7d:f3:dc
[   16.061984] e1000 0000:00:03.0 eth0: Intel(R) PRO/1000 Network Connection
[   16.078481] mptbase: ioc0: Initiating bringup
[   16.088496] e1000 0000:00:03.0 enp0s3: renamed from eth0
[   16.160258] ioc0: LSI53C1030 A0: Capabilities={Initiator}
[   16.329165] scsi host2: ioc0: LSI53C1030 A0, FwRev=00000000h, Ports=1, MaxQ=256, IRQ=20
[   16.492857] scsi 2:0:0:0: Direct-Access     VBOX     HARDDISK         1.0  PQ: 0 ANSI: 5
[   16.496633] scsi target2:0:0: Beginning Domain Validation
[   16.520190] scsi target2:0:0: Domain Validation skipping write tests
[   16.606022] scsi target2:0:0: Ending Domain Validation
[   16.607608] scsi target2:0:0: asynchronous
[   16.608967] scsi 2:0:1:0: Direct-Access     VBOX     HARDDISK         1.0  PQ: 0 ANSI: 5
[   16.635977] scsi target2:0:1: Beginning Domain Validation
[   16.715178] scsi target2:0:1: Domain Validation skipping write tests
[   16.721293] scsi target2:0:1: Ending Domain Validation
[   16.724213] scsi target2:0:1: asynchronous
[   16.740726] sd 2:0:0:0: Attached scsi generic sg0 type 0
[   16.824813] sd 2:0:0:0: [sda] 20971520 512-byte logical blocks: (10.7 GB/10.0 GiB)
[   16.869366] sd 2:0:1:0: Attached scsi generic sg1 type 0
[   16.874906] sd 2:0:1:0: [sdb] 20480 512-byte logical blocks: (10.5 MB/10.0 MiB)
[   16.887023] sd 2:0:0:0: [sda] Write Protect is off
[   16.887217] sd 2:0:1:0: [sdb] Write Protect is off
[   16.887294] sd 2:0:1:0: [sdb] Incomplete mode parameter data
[   16.887295] sd 2:0:1:0: [sdb] Assuming drive cache: write through
[   16.896815] sd 2:0:1:0: [sdb] Attached SCSI disk
[   16.903553] sd 2:0:0:0: [sda] Incomplete mode parameter data
[   16.908593] sd 2:0:0:0: [sda] Assuming drive cache: write through
[   16.916730]  sda: sda1
[   16.934635] sd 2:0:0:0: [sda] Attached SCSI disk
[   18.719402] floppy0: no floppy controllers found
Begin: Loading e[   20.160378] md: linear personality registered for level -1
ssential drivers ... [   20.176108] md: multipath personality registered for level -4
[   20.184751] md: raid0 personality registered for level 0
[   20.214152] md: raid1 personality registered for level 1
[   20.291587] raid6: sse2x1   gen()  5460 MB/s
[   20.363211] raid6: sse2x1   xor()  3693 MB/s
[   20.435400] raid6: sse2x2   gen()  6935 MB/s
[   20.515202] raid6: sse2x2   xor()  4780 MB/s
[   20.583319] raid6: sse2x4   gen()  6727 MB/s
[   20.655258] raid6: sse2x4   xor()  3596 MB/s
[   20.673195] raid6: using algorithm sse2x2 gen() 6935 MB/s
[   20.709436] raid6: .... xor() 4780 MB/s, rmw enabled
[   20.729543] raid6: using ssse3x2 recovery algorithm
[   20.737084] xor: automatically using best checksumming function:
[   20.796516]    avx       : 16982.000 MB/sec
[   20.806168] async_tx: api initialized (async)
[   20.851736] md: raid6 personality registered for level 6
[   20.867890] md: raid5 personality registered for level 5
[   20.869925] md: raid4 personality registered for level 4
[   20.884453] md: raid10 personality registered for level 10
done.
Begin: Running /scripts/init-premount ... done.
Begin: Mounting root file system ... Begin: Running /scripts/lo[   20.944282] Btrfs loaded
cal-top ... done.
Begin: Running /scripts/local-premount ... Scanning for Btrfs filesystems
done.
Warning: fsck no[   20.986556] EXT4-fs (sda1): INFO: recovery required on readonly filesystem
t present, so sk[   20.990737] EXT4-fs (sda1): write access will be enabled during recovery
ipping root file system
[   21.119205] EXT4-fs (sda1): recovery complete
[   21.127006] EXT4-fs (sda1): mounted filesystem with ordered data mode. Opts: (null)
done.
Begin: Running /scripts/local-bottom ... done.
Begin: Running /scripts/init-bottom ... done.
[   21.410726] systemd[1]: systemd 229 running in system mode. (+PAM +AUDIT +SELINUX +IMA +APPARMOR +SMACK +SYSVINIT +UTMP +LIBCRYPTSETUP +GCRYPT +GNUTLS +ACL +XZ -LZ4 +SECCOMP +BLKID +ELFUTILS +KMOD -IDN)
[   21.438237] systemd[1]: Detected virtualization oracle.
[   21.440319] systemd[1]: Detected architecture x86-64.

Welcome to [1mUbuntu 16.04.3 LTS[0m!

[   21.468122] systemd[1]: Set hostname to <ubuntu-xenial>.
[   21.620077] random: nonblocking pool is initialized
[   21.757820] systemd[1]: Listening on Journal Audit Socket.
[[0;32m  OK  [0m] Listening on Journal Audit Socket.
[   21.774798] systemd[1]: Listening on LVM2 metadata daemon socket.
[[0;32m  OK  [0m] Listening on LVM2 metadata daemon socket.
[   21.792474] systemd[1]: Listening on udev Control Socket.
[[0;32m  OK  [0m] Listening on udev Control Socket.
[   21.821348] systemd[1]: Listening on /dev/initctl Compatibility Named Pipe.
[[0;32m  OK  [0m] Listening on /dev/initctl Compatibility Named Pipe.
[   21.874131] systemd[1]: Started Forward Password Requests to Wall Directory Watch.
[[0;32m  OK  [0m] Started Forward Password Requests to Wall Directory Watch.
[   21.878891] systemd[1]: Listening on Syslog Socket.
[[0;32m  OK  [0m] Listening on Syslog Socket.
[   21.885548] systemd[1]: Created slice User and Session Slice.
[[0;32m  OK  [0m] Created slice User and Session Slice.
[   21.913009] systemd[1]: Created slice System Slice.
[[0;32m  OK  [0m] Created slice System Slice.
[   21.958984] systemd[1]: Started Trigger resolvconf update for networkd DNS.
[[0;32m  OK  [0m] Started Trigger resolvconf update for networkd DNS.
[   22.023060] systemd[1]: Reached target Encrypted Volumes.
[[0;32m  OK  [0m] Reached target Encrypted Volumes.
[   22.041388] systemd[1]: Created slice system-serial\x2dgetty.slice.
[[0;32m  OK  [0m] Created slice system-serial\x2dgetty.slice.
[   22.067511] systemd[1]: Reached target User and Group Name Lookups.
[[0;32m  OK  [0m] Reached target User and Group Name Lookups.
[   22.112107] systemd[1]: Set up automount Arbitrary Executable File Formats File System Automount Point.
[[0;32m  OK  [0m] Set up automount Arbitrary Executab...ats File System Automount Point.
[   22.155822] systemd[1]: Listening on Journal Socket.
[[0;32m  OK  [0m] Listening on Journal Socket.
[   22.191742] systemd[1]: Starting Create list of required static device nodes for the current kernel...
         Starting Create list of required st... nodes for the current kernel...
[   22.299580] systemd[1]: Starting Load Kernel Modules...
         Starting Load Kernel Modules...
[   22.308615] systemd[1]: Starting Nameserver information manager...
         [   22.367075] Loading iSCSI transport class v2.0-870.
Starting Nameserver information manager...
[   22.400044] iscsi: registered transport (tcp)
[   22.423321] systemd[1]: Mounting Huge Pages File System...
         Mounting Huge Pages File System...
[   22.448684] systemd[1]: Starting Remount Root and Kernel File Systems...
[   22.448933] iscsi: registered transport (iser)
         Starting Remount[   22.462053] EXT4-fs (sda1): re-mounted. Opts: (null)
 Root and Kernel File Systems...
[   22.468539] systemd[1]: Starting Uncomplicated firewall...
         Starting Uncomplicated firewall...
[   22.523363] systemd[1]: Starting Set console keymap...
         Starting Set console keymap...
[   22.552577] systemd[1]: Mounting POSIX Message Queue File System...
         Mounting POSIX Message Queue File System...
[   22.615413] systemd[1]: Listening on Device-mapper event daemon FIFOs.
[[0;32m  OK  [0m] Listening on Device-mapper event daemon FIFOs.
[   22.711301] systemd[1]: Starting Monitoring of LVM2 mirrors, snapshots etc. using dmeventd or progress polling...
         Starting Monitoring of LVM2 mirrors... dmeventd or progress polling...
[   22.779593] systemd[1]: Reached target Swap.
[[0;32m  OK  [0m] Reached target Swap.
[   22.871986] systemd[1]: Listening on LVM2 poll daemon socket.
[[0;32m  OK  [0m] Listening on LVM2 poll daemon socket.
[   23.051269] systemd[1]: Mounting Debug File System...
         Mounting Debug File System...
[   23.104399] systemd[1]: Listening on udev Kernel Socket.
[[0;32m  OK  [0m] Listening on udev Kernel Socket.
[   23.155900] systemd[1]: Reached target Slices.
[[0;32m  OK  [0m] Reached target Slices.
[   23.179388] systemd[1]: Listening on Journal Socket (/dev/log).
[[0;32m  OK  [0m] Listening on Journal Socket (/dev/log).
[   23.239700] systemd[1]: Starting Journal Service...
         Starting Journal Service...
[   23.274137] systemd[1]: Mounted POSIX Message Queue File System.
[[0;32m  OK  [0m] Mounted POSIX Message Queue File System.
[   23.325451] systemd[1]: Mounted Debug File System.
[[0;32m  OK  [0m] Mounted Debug File System.
[   23.371814] systemd[1]: Mounted Huge Pages File System.
[[0;32m  OK  [0m] Mounted Huge Pages File System.
[   23.463600] systemd[1]: Started Journal Service.
[[0;32m  OK  [0m] Started Journal Service.
[[0;32m  OK  [0m] Started Create list of required sta...ce nodes for the current kernel.
[[0;32m  OK  [0m] Started Load Kernel Modules.
[[0;32m  OK  [0m] Started Remount Root and Kernel File Systems.
[[0;32m  OK  [0m] Started Uncomplicated firewall.
[[0;32m  OK  [0m] Started Set console keymap.
[[0;32m  OK  [0m] Started Nameserver information manager.
[[0;32m  OK  [0m] Started LVM2 metadata daemon.
         Starting Load/Save Random Seed...
         Starting udev Coldplug all Devices...
         Starting Initial cloud-init job (pre-networking)...
         Mounting FUSE Control File System...
         Starting Apply Kernel Variables...
         Starting Create Static Device Nodes in /dev...
         Starting Flush Journal to Persistent Storage...
[[0;32m  OK  [0m] Mounted FUSE Control File System.
[[0;32m  OK  [0m] Started Load/Save Random Seed.
[[0;32m  OK  [0m] Started Apply Kernel Variables.
[[0;32m  OK  [0m] Started Create Static Device Nodes in /dev.
[[0;32m  OK  [0m] Started udev Coldplug all Devices.
[[0;32m  OK  [0m] Started Flush Journal to Persistent Storage.
         Starting udev Kernel Device Manager...
[[0;32m  OK  [0m] Started udev Kernel Device Manager.
[[0;32m  OK  [0m] Started Dispatch Password Requests to Console Directory Watch.
[[0;32m  OK  [0m] Started Monitoring of LVM2 mirrors,...ng dmeventd or progress polling.
[[0;32m  OK  [0m] Reached target Local File Systems (Pre).
[[0;32m  OK  [0m] Reached target Local File Systems.
         Starting Tell Plymouth To Write Out Runtime Data...
         Starting Create Volatile Files and Directories...
         Starting Set console font and keymap...
         Starting LSB: AppArmor initialization...
[[0;32m  OK  [0m] Started Tell Plymouth To Write Out Runtime Data.
[[0;32m  OK  [0m] Started Create Volatile Files and Directories.
[[0;32m  OK  [0m] Found device /dev/ttyS0.
         Starting Update UTMP about System Boot/Shutdown...
[[0;32m  OK  [0m] Reached target System Time Synchronized.
[[0;32m  OK  [0m] Started Update UTMP about System Boot/Shutdown.
[[0;32m  OK  [0m] Found device 82540EM Gigabit Ethern...r (PRO/1000 MT Desktop Adapter).
[[0;32m  OK  [0m] Started LSB: AppArmor initialization.
[[0;32m  OK  [0m] Listening on Load/Save RF Kill Switch Status /dev/rfkill Watch.
[[0;32m  OK  [0m] Started Set console font and keymap.
[[0;32m  OK  [0m] Created slice system-getty.slice.
[   17.340620] cloud-init[454]: Cloud-init v. 17.1 running 'init-local' at Wed, 22 Nov 2017 00:19:28 +0000. Up 16.84 seconds.
[[0;32m  OK  [0m] Started Initial cloud-init job (pre-networking).
[[0;32m  OK  [0m] Reached target Network (Pre).
[[0;32m  OK  [0m] Started ifup for enp0s3.
         Starting Raise network interfaces...
[[0;32m  OK  [0m] Started Raise network interfaces.
         Starting Initial cloud-init job (metadata service crawler)...
[[0;32m  OK  [0m] Reached target Network.
[   19.971104] cloud-init[972]: Cloud-init v. 17.1 running 'init' at Wed, 22 Nov 2017 00:19:31 +0000. Up 19.52 seconds.
[   19.993026] cloud-init[972]: ci-info: +++++++++++++++++++++++++++++++++++++Net device info++++++++++++++++++++++++++++++++++++++
[   20.044428] [cloud-init[0;32m  OK  [0m[972]: ] ci-info: +--------+------+----------------------------+---------------+-------+-------------------+Started Initial cloud-init job (metadata service crawler).

[   20.044990] cloud-init[972]: ci-info: | Device |  Up  |          Address           |      Mask     | Scope |     Hw-Address    |
[[0;32m  OK  [0m] Reached target Network is Online.
[   20.102016] cloud-init[972]: ci-info: +--------+------+----------------------------+---------------+-------+-------------------+
[   20.132294]          Starting iSCSI initiator daemon (iscsid)...
[[0;32m  OK  [0m] Reached target System Initialization.
[[0;32m  OK  [0m] Started Daily Cleanup of Temporary Directories.
[[0;32m  OK  [0m] Listening on D-Bus System Message Bus Socket.
         Starting LXD - unix socket.
cloud-init[972]: ci-info: | enp0s3 | True |         10.0.2.15          | 255.255.255.0 |   .   | 02:eb:a5:7d:f3:dc |
[   20.199417] [[0;32m  OK  [0m] Listening on ACPID Listen Socket.
[[0;32m  OK  [0m] Listening on UUID daemon activation socket.
cloud-init[972]: ci-info: | enp0s3 | True | fe80::eb:a5ff:fe7d:f3dc/64 |       .       |  link | 02:eb:a5:7d:f3:dc |
         Starting Socket activation for snappy daemon.
[   20.232642] cloud-init[972]: ci-info: |   lo   | True |         127.0.0.1          |   255.0.0.0   |   .   |         .         |
[   20.258371] [cloud-init[0;32m  OK  [0m[972]: ] ci-info: |   lo   | True |          ::1/128           |       .       |  host |         .         |Started ACPI Events Check.

[[0;32m  OK  [0m] Reached target Paths.
[   20.258809] cloud-init[972]: ci-info: +--------+------+----------------------------+---------------+-------+-------------------+
[   20.288482] [cloud-init[0;32m  OK  [0m[972]: ] ci-info: +++++++++++++++++++++++++++Route IPv4 info++++++++++++++++++++++++++++Started Daily apt download activities.

[[0;32m  OK  [0m] Started Daily apt upgrade and clean activities.
[[0;32m  OK  [0m] Started Timer to automatically refresh installed snaps.
[   20.289049] cloud-init[972]: ci-info: +-------+-------------+----------+---------------+-----------+-------+
[   20.349457] [cloud-init[0;32m  OK  [0m[972]: ] ci-info: | Route | Destination | Gateway  |    Genmask    | Interface | Flags |Reached target Timers.

[   20.350003] cloud-init[972]: ci-info: +-------+-------------+----------+---------------+-----------+-------+
[[0;32m  OK  [0m] Reached target Cloud-config availability.
[   20.435309] cloud-init[972]: ci-info: |   0   |   0.0.0.0   | 10.0.2.2 |    0.0.0.0    |   enp0s3  |   UG  |
[   20.479896] [cloud-init[0;32m  OK  [0m[972]: ] ci-info: |   1   |   10.0.2.0  | 0.0.0.0  | 255.255.255.0 |   enp0s3  |   U   |Listening on LXD - unix socket.

[   20.508931] [cloud-init[0;32m  OK  [0m[972]: ] ci-info: +-------+-------------+----------+---------------+-----------+-------+Listening on Socket activation for snappy daemon.

[[0;32m  OK  [0m] Started iSCSI initiator daemon (iscsid).
         Starting Login to default iSCSI targets...
[[0;32m  OK  [0m] Reached target Sockets.
[[0;32m  OK  [0m] Reached target Basic System.
         Starting Login Service...
[[0;32m  OK  [0m] Started D-Bus System Message Bus.
         Starting Snappy daemon...
         Starting /etc/rc.local Compatibility...
[[0;32m  OK  [0m] Started Deferred execution scheduler.
[[0;32m  OK  [0m] Started FUSE filesystem for LXC.
         Starting OpenBSD Secure Shell server...
[[0;32m  OK  [0m] Started Unattended Upgrades Shutdown.
         Starting System Logging Service...
[[0;32m  OK  [0m] Started ACPI event daemon.
         Starting Accounts Service...
         Starting Apply the settings specified in cloud-config...
         Starting LXD - container startup/shutdown...
         Starting LSB: MD monitoring daemon...
[[0;32m  OK  [0m] Started Regular background program processing daemon.
         Starting LSB: Record successful boot for GRUB...
[[0;32m  OK  [0m] Started System Logging Service.
[[0;32m  OK  [0m] Started OpenBSD Secure Shell server.
[[0;32m  OK  [0m] Started /etc/rc.local Compatibility.
[[0;32m  OK  [0m] Started Snappy daemon.
[[0;32m  OK  [0m] Started Login to default iSCSI targets.
[[0;32m  OK  [0m] Started Login Service.
[[0;32m  OK  [0m] Started LSB: MD monitoring daemon.
[[0;32m  OK  [0m] Started LXD - container startup/shutdown.
[[0;32m  OK  [0m] Started LSB: Record successful boot for GRUB.
         Starting Authenticate and Authorize Users to Run Privileged Tasks...
[[0;32m  OK  [0m] Reached target Remote File Systems (Pre).
[[0;32m  OK  [0m] Reached target Remote File Systems.
         Starting LSB: automatic crash report generation...
         Starting LSB: Set the CPU Frequency Scaling governor to "ondemand"...
         Starting LSB: daemon to balance interrupts for SMP systems...
[   21.510953] cloud-init[1062]: Cloud-init v. 17.1 running 'modules:config' at Wed, 22 Nov 2017 00:19:33 +0000. Up 21.37 seconds.
         Starting Permit User Sessions...
         Starting LSB: VirtualBox Linux Additions...
[[0;32m  OK  [0m] Started Apply the settings specified in cloud-config.
[[0;32m  OK  [0m] Started Permit User Sessions.
[[0;32m  OK  [0m] Started Authenticate and Authorize Users to Run Privileged Tasks.
[[0;32m  OK  [0m] Started Accounts Service.
[[0;32m  OK  [0m] Started LSB: Set the CPU Frequency Scaling governor to "ondemand".
[[0;32m  OK  [0m] Started LSB: automatic crash report generation.
         Starting Terminate Plymouth Boot Screen...
         Starting Hold until boot process finishes up...
[[0;32m  OK  [0m] Started LSB: daemon to balance interrupts for SMP systems.
[[0;32m  OK  [0m] Started LSB: VirtualBox Linux Additions.
[[0;32m  OK  [0m] Started Terminate Plymouth Boot Screen.
[[0;32m  OK  [0m] Started Hold until boot process finishes up.
[[0;32m  OK  [0m] Started Serial Getty on ttyS0.
[[0;32m  OK  [0m] Started Getty on tty1.
[[0;32m  OK  [0m] Reached target Login Prompts.
         Starting Set console scheme...
[[0;32m  OK  [0m] Reached target Multi-User System.
         Starting Execute cloud user/final scripts...
[[0;32m  OK  [0m] Reached target Graphical Interface.
         Starting Update UTMP about System Runlevel Changes...
[[0;32m  OK  [0m] Started Set console scheme.
[[0;32m  OK  [0m] Started Update UTMP about System Runlevel Changes.
[   22.523990] cloud-init[1195]: Cloud-init v. 17.1 running 'modules:final' at Wed, 22 Nov 2017 00:19:34 +0000. Up 22.32 seconds.
[   22.548721] cloud-init[1195]: Cloud-init v. 17.1 finished at Wed, 22 Nov 2017 00:19:34 +0000. Datasource DataSourceNoCloud [seed=/dev/sdb][dsmode=net].  Up 22.51 seconds
[[0;32m  OK  [0m] Started Execute cloud user/final scripts.
[[0;32m  OK  [0m] Reached target Cloud-init target.
         Starting Daily apt download activities...
[[0;32m  OK  [0m] Created slice User Slice of ubuntu.
         Starting User Manager for UID 1000...
[[0;32m  OK  [0m] Started Session 1 of user ubuntu.
[[0;32m  OK  [0m] Started User Manager for UID 1000.

Ubuntu 16.04.3 LTS ubuntu-xenial ttyS0

ubuntu-xenial login:          Stopping Authenticate and Authorize Users to Run Privileged Tasks...
         Stopping Session 6 of user ubuntu.
         Stopping ACPI event daemon...
[[0;32m  OK  [0m] Stopped target Timers.
[[0;32m  OK  [0m] Stopped Daily Cleanup of Temporary Directories.
[[0;32m  OK  [0m] Stopped Timer to automatically refresh installed snaps.
[[0;32m  OK  [0m] Stopped Daily apt upgrade and clean activities.
[[0;32m  OK  [0m] Stopped Daily apt download activities.
[[0;32m  OK  [0m] Stopped target System Time Synchronized.
[[0;32m  OK  [0m] Stopped target Graphical Interface.
         Stopping User Manager for UID 1000...
[[0;32m  OK  [0m] Closed Load/Save RF Kill Switch Status /dev/rfkill Watch.
         Stopping Accounts Service...
[[0;32m  OK  [0m] Stopped target Cloud-init target.
[[0;32m  OK  [0m] Stopped Execute cloud user/final scripts.
[[0;32m  OK  [0m] Stopped Apply the settings specified in cloud-config.
[[0;32m  OK  [0m] Stopped target Cloud-config availability.
[[0;32m  OK  [0m] Stopped target Multi-User System.
         Stopping Regular background program processing d         Stopping LSB: Record successful boot for GRUB...
[[0;32m  OK  [0m] Unmounted /var/lib/lxcfs.
[[0;32m  OK  [0m] Stopped Snappy daemon.
[[0;32m  OK  [0m] Stopped Deferred execution scheduler.
[[0;32m  OK  [0m] Stopped OpenBSD Secure Shell server.
[[0;32m  OK  [0m] Stopped System Logging Service.
[[0;32m  OK  [0m] Stopped ACPI event daemon.
[[0;32m  OK  [0m] Stopped Accounts Service.
[[0;32m  OK  [0m] Stopped Regular background program processing daemon.
[[0;32m  OK  [0m] Stopped Authenticate and Authorize Users to Run Privileged Tasks.
[[0;32m  OK  [0m] Stopped Serial Getty on ttyS0.
[[0;32m  OK  [0m] Stopped Getty on tty1.
[[0;32m  OK  [0m] Stopped User Manager for UID 1000.
[[0;32m  OK  [0m] Stopped Session 6 of user ubuntu.
[[0;32m  OK  [0m] Stopped D-Bus System Message Bus.
[[0;32m  OK  [0m] Stopped Unattended Upgrades Shutdown.
[[0;32m  OK  [0m] Stopped FUSE filesystem for LXC.
[[0;32m  OK  [0m] Stopped LSB: MD monitoring daemon.
[[0;32m  OK  [0m] Stopped LSB: Set the CPU Frequency Scaling governor to "ondemand".
[[0;32m  OK  [0m] Stopped LXD - container startup/shutdown.
[[0;32m  OK  [0m] Stopped LSB: automatic crash report generation.
[[0;32m  OK  [0m] Stopped LSB: Record successful boot for GRUB.
[[0;32m  OK  [0m] Stopped LSB: VirtualBox Linux Additions.
[[0;32m  OK  [0m] Stopped LSB: daemon to balance interrupts for SMP systems.
[[0;32m  OK  [0m] Removed slice User Slice of ubuntu.
         Stopping Login Service...
[[0;32m  OK  [0m] Removed slice system-getty.slice.
[[0;32m  OK  [0m] Removed slice system-serial\x2dgetty.slice.
         Stopping Permit User Sessions...
[[0;32m  OK  [0m] Stopped /etc/rc.local Compatibility.
[[0;32m  OK  [0m] Stopped Permit User Sessions.
[[0;32m  OK  [0m] Stopped target Remote File Systems.
[[0;32m  OK  [0m] Stopped target Remote File Systems (Pre).
         Stopping Login to default iSCSI targets...
[[0;32m  OK  [0m] Stopped Login Service.
[[0;32m  OK  [0m] Stopped target Basic System.
[[0;32m  OK  [0m] Stopped target Sockets.
[[0;32m  OK  [0m] Closed Socket activation for snappy daemon.
[[0;32m  OK  [0m] Closed UUID daemon activation socket.
[[0;32m  OK  [0m] Closed ACPID Listen Socket.
[[0;32m  OK  [0m] Closed LXD - unix socket.
[[0;32m  OK  [0m] Closed Syslog Socket.
[[0;32m  OK  [0m] Closed D-Bus System Message Bus Socket.
[[0;32m  OK  [0m] Stopped target Paths.
[[0;32m  OK  [0m] Stopped Forward Password Requests to Wall Directory Watch.
[[0;32m  OK  [0m] Stopped Dispatch Password Requests to Console Directory Watch.
[[0;32m  OK  [0m] Stopped ACPI Events Check.
[[0;32m  OK  [0m] Stopped target Slices.
[[0;32m  OK  [0m] Removed slice User and Session Slice.
[[0;32m  OK  [0m] Stopped target System Initialization.
[[0;32m  OK  [0m] Stopped target Encrypted Volumes.
[[0;32m  OK  [0m] Stopped target Swap.
         Stopping Update UTMP about System Boot/Shutdown...
         Stopping Load/Save Random Seed...
[[0;32m  OK  [0m] Stopped target User and Group Name Lookups.
[[0;32m  OK  [0m] Stopped Load/Save Random Seed.
[[0;32m  OK  [0m] Stopped Update UTMP about System Boot/Shutdown.
[[0;32m  OK  [0m] Stopped Login to default iSCSI targets.
         Stopping iSCSI initiator daemon (iscsid)...
[[0;32m  OK  [0m] Stopped Create Volatile Files and Directories.
[[0;32m  OK  [0m] Stopped iSCSI initiator daemon (iscsid).
[[0;32m  OK  [0m] Stopped target Network is Online.
[[0;32m  OK  [0m] Stopped Initial cloud-init job (metadata service crawler).
[[0;32m  OK  [0m] Stopped target Network.
         Stopping Raise network interfaces...
[[0;32m  OK  [0m] Stopped Raise network interfaces.
[[0;32m  OK  [0m] Stopped target Local File Systems.
         Unmounting /vagrant...
         Unmounting /run/user/1000...
[[0;32m  OK  [0m] Stopped target Network (Pre).
[[0;32m  OK  [0m] Stopped Initial cloud-init job (pre-networking).
[[0;32m  OK  [0m] Stopped Apply Kernel Variables.
[[0;32m  OK  [0m] Stopped Load Kernel Modules.
[[0;32m  OK  [0m] Unmounted /vagrant.
[[0;32m  OK  [0m] Unmounted /run/user/1000.
[[0;32m  OK  [0m] Reached target Unmount All Filesystems.
[[0;32m  OK  [0m] Stopped target Local File Systems (Pre).
         Stopping Monitoring of LVM2 mirrors... dmeventd or progress polling...
[[0;32m  OK  [0m] Stopped Remount Root and Kernel File Systems.
[[0;32m  OK  [0m] Stopped Create Static Device Nodes in /dev.
[[0;32m  OK  [0m] Reached target Shutdown.
[ 3801.907669] reboot: Power down
